Performing C++ SOURCE FILE Test CMAKE_HAVE_LIBC_PTHREAD failed with the following output:
Change Dir: /home/heyjude/workspace/projects/cJson/build/CMakeFiles/CMakeTmp

Run Build Command(s):/usr/bin/make cmTC_7cd3d/fast && /usr/bin/make -f CMakeFiles/cmTC_7cd3d.dir/build.make CMakeFiles/cmTC_7cd3d.dir/build
make[1]: Entering directory '/home/heyjude/workspace/projects/cJson/build/CMakeFiles/CMakeTmp'
Building CXX object CMakeFiles/cmTC_7cd3d.dir/src.cxx.o
/usr/bin/c++    -DCMAKE_HAVE_LIBC_PTHREAD   -o CMakeFiles/cmTC_7cd3d.dir/src.cxx.o -c /home/heyjude/workspace/projects/cJson/build/CMakeFiles/CMakeTmp/src.cxx
Linking CXX executable cmTC_7cd3d
/usr/bin/cmake -E cmake_link_script CMakeFiles/cmTC_7cd3d.dir/link.txt --verbose=1
/usr/bin/c++   -DCMAKE_HAVE_LIBC_PTHREAD    -rdynamic CMakeFiles/cmTC_7cd3d.dir/src.cxx.o  -o cmTC_7cd3d 
/usr/bin/ld: CMakeFiles/cmTC_7cd3d.dir/src.cxx.o: in function `main':
src.cxx:(.text+0x46): undefined reference to `pthread_create'
/usr/bin/ld: src.cxx:(.text+0x52): undefined reference to `pthread_detach'
/usr/bin/ld: src.cxx:(.text+0x63): undefined reference to `pthread_join'
collect2: error: ld returned 1 exit status
make[1]: *** [CMakeFiles/cmTC_7cd3d.dir/build.make:87: cmTC_7cd3d] Error 1
make[1]: Leaving directory '/home/heyjude/workspace/projects/cJson/build/CMakeFiles/CMakeTmp'
make: *** [Makefile:121: cmTC_7cd3d/fast] Error 2


Source file was:
#include <pthread.h>

void* test_func(void* data)
{
  return data;
}

int main(void)
{
  pthread_t thread;
  pthread_create(&thread, NULL, test_func, NULL);
  pthread_detach(thread);
  pthread_join(thread, NULL);
  pthread_atfork(NULL, NULL, NULL);
  pthread_exit(NULL);

  return 0;
}

Determining if the function pthread_create exists in the pthreads failed with the following output:
Change Dir: /home/heyjude/workspace/projects/cJson/build/CMakeFiles/CMakeTmp

Run Build Command(s):/usr/bin/make cmTC_5f00e/fast && /usr/bin/make -f CMakeFiles/cmTC_5f00e.dir/build.make CMakeFiles/cmTC_5f00e.dir/build
make[1]: Entering directory '/home/heyjude/workspace/projects/cJson/build/CMakeFiles/CMakeTmp'
Building CXX object CMakeFiles/cmTC_5f00e.dir/CheckFunctionExists.cxx.o
/usr/bin/c++    -DCHECK_FUNCTION_EXISTS=pthread_create   -o CMakeFiles/cmTC_5f00e.dir/CheckFunctionExists.cxx.o -c /home/heyjude/workspace/projects/cJson/build/CMakeFiles/CheckLibraryExists/CheckFunctionExists.cxx
Linking CXX executable cmTC_5f00e
/usr/bin/cmake -E cmake_link_script CMakeFiles/cmTC_5f00e.dir/link.txt --verbose=1
/usr/bin/c++   -DCHECK_FUNCTION_EXISTS=pthread_create    -rdynamic CMakeFiles/cmTC_5f00e.dir/CheckFunctionExists.cxx.o  -o cmTC_5f00e  -lpthreads 
/usr/bin/ld: cannot find -lpthreads
collect2: error: ld returned 1 exit status
make[1]: *** [CMakeFiles/cmTC_5f00e.dir/build.make:87: cmTC_5f00e] Error 1
make[1]: Leaving directory '/home/heyjude/workspace/projects/cJson/build/CMakeFiles/CMakeTmp'
make: *** [Makefile:121: cmTC_5f00e/fast] Error 2



